

Version:	3.12
CmdLine:	M:\Zrut C\Michal\Documents - Done\Werewolves\Werewolves.exe --l4j-debug
WOW64:		yes
Working dir:	M:\Zrut C\Michal\Documents - Done\Werewolves\.
Java min ver:	1.008.000
Java max ver:	
Bundled JRE:	C:\Program Files\Java\jre1.8.0_261
Check launcher:	C:\Program Files\Java\jre1.8.0_261\bin\javaw.exe (OK)
Launcher:	C:\Program Files\Java\jre1.8.0_261\bin\javaw.exe
Launcher args:	-jar "M:\Zrut C\Michal\Documents - Done\Werewolves\Werewolves.exe"
Args length:	66/32768 chars
Exit code:	0


Version:	3.12
CmdLine:	M:\Zrut C\Michal\Documents - Done\Werewolves\Werewolves.exe --l4j-debug
WOW64:		yes
Working dir:	M:\Zrut C\Michal\Documents - Done\Werewolves\.
Java min ver:	1.008.000
Java max ver:	
Bundled JRE:	C:\Program Files\Java\jre1.8.0_261
Check launcher:	C:\Program Files\Java\jre1.8.0_261\bin\javaw.exe (OK)
Launcher:	C:\Program Files\Java\jre1.8.0_261\bin\javaw.exe
Launcher args:	-jar "M:\Zrut C\Michal\Documents - Done\Werewolves\Werewolves.exe"
Args length:	66/32768 chars
Exit code:	0
